<?xml version="1.0" encoding="UTF-8"?>
<!-- Generated by org.testng.reporters.JUnitReportReporter -->
<testsuite hostname="swapee" failures="0" tests="3" name="Testcases.logintestcase" time="181.606" errors="0" timestamp="2023-09-05T07:25:42 IST" skipped="0">
  <testcase classname="Testcases.logintestcase" name="verifylogin" time="47.605"/>
  <testcase classname="Testcases.logintestcase" name="verifylogin" time="74.500"/>
  <testcase classname="Testcases.logintestcase" name="verifylogin" time="59.501"/>
</testsuite> <!-- Testcases.logintestcase -->
